# JRE version: OpenJDK Runtime Environment Temurin-21.0.10+7 (21.0.10+7) (build 21.0.10+7-LTS)
# Java VM: OpenJDK 64-Bit Server VM Temurin-21.0.10+7 (21.0.10+7-LTS, mixed mode, sharing, tiered, compressed oops, compressed class ptrs, parallel gc, windows-amd64)
GC Precious Log:
 CardTable entry size: 512
 CPUs: 8 total, 8 available
 Memory: 16217M
 Large Page Support: Disabled
 NUMA Support: Disabled
 Compressed Oops: Enabled (32-bit)
 Alignments: Space 512K, Generation 512K, Heap 2M
 Heap Min Capacity: 100M
 Heap Initial Capacity: 100M
 Heap Max Capacity: 2G
 Pre-touch: Disabled
 Parallel Workers: 8
Heap:
 PSYoungGen      total 4096K, used 1503K [0x00000000d5580000, 0x00000000d5b80000, 0x0000000100000000)
  eden space 3584K, 33% used [0x00000000d5580000,0x00000000d56a7e98,0x00000000d5900000)
  from space 512K, 62% used [0x00000000d5b00000,0x00000000d5b50020,0x00000000d5b80000)
  to   space 512K, 0% used [0x00000000d5a80000,0x00000000d5a80000,0x00000000d5b00000)
 ParOldGen       total 393216K, used 392725K [0x0000000080000000, 0x0000000098000000, 0x00000000d5580000)
  object space 393216K, 99% used [0x0000000080000000,0x0000000097f85798,0x0000000098000000)
 Metaspace       used 73807K, committed 75392K, reserved 1179648K
  class space    used 7859K, committed 8576K, reserved 1048576K
GC Heap History (20 events):
Event: 406896.949 GC heap before
{Heap before GC invocations=950 (full 3):
 PSYoungGen      total 4608K, used 4096K [0x00000000d5580000, 0x00000000d5b00000, 0x0000000100000000)
  eden space 3584K, 100% used [0x00000000d5580000,0x00000000d5900000,0x00000000d5900000)
  from space 1024K, 50% used [0x00000000d5a00000,0x00000000d5a80000,0x00000000d5b00000)
  to   space 1024K, 0% used [0x00000000d5900000,0x00000000d5900000,0x00000000d5a00000)
 ParOldGen       total 386048K, used 385808K [0x0000000080000000, 0x0000000097900000, 0x00000000d5580000)
  object space 386048K, 99% used [0x0000000080000000,0x00000000978c4100,0x0000000097900000)
 Metaspace       used 73765K, committed 75392K, reserved 1179648K
  class space    used 7859K, committed 8576K, reserved 1048576K
}
Event: 406896.950 GC heap after
{Heap after GC invocations=950 (full 3):
 PSYoungGen      total 4608K, used 576K [0x00000000d5580000, 0x00000000d5b00000, 0x0000000100000000)
  eden space 3584K, 0% used [0x00000000d5580000,0x00000000d5580000,0x00000000d5900000)
  from space 1024K, 56% used [0x00000000d5900000,0x00000000d5990000,0x00000000d5a00000)
  to   space 1024K, 0% used [0x00000000d5a00000,0x00000000d5a00000,0x00000000d5b00000)
 ParOldGen       total 386560K, used 386176K [0x0000000080000000, 0x0000000097980000, 0x00000000d5580000)
  object space 386560K, 99% used [0x0000000080000000,0x0000000097920100,0x0000000097980000)
 Metaspace       used 73765K, committed 75392K, reserved 1179648K
  class space    used 7859K, committed 8576K, reserved 1048576K
}
Event: 406896.955 GC heap before
{Heap before GC invocations=951 (full 3):
 PSYoungGen      total 4608K, used 4149K [0x00000000d5580000, 0x00000000d5b00000, 0x0000000100000000)
  eden space 3584K, 99% used [0x00000000d5580000,0x00000000d58fd7c0,0x00000000d5900000)
  from space 1024K, 56% used [0x00000000d5900000,0x00000000d5990000,0x00000000d5a00000)
  to   space 1024K, 0% used [0x00000000d5a00000,0x00000000d5a00000,0x00000000d5b00000)
 ParOldGen       total 386560K, used 386176K [0x0000000080000000, 0x0000000097980000, 0x00000000d5580000)
  object space 386560K, 99% used [0x0000000080000000,0x0000000097920100,0x0000000097980000)
 Metaspace       used 73765K, committed 75392K, reserved 1179648K
  class space    used 7859K, committed 8576K, reserved 1048576K
}
Event: 406896.956 GC heap after
{Heap after GC invocations=951 (full 3):
 PSYoungGen      total 4608K, used 592K [0x00000000d5580000, 0x00000000d5b00000, 0x0000000100000000)
  eden space 3584K, 0% used [0x00000000d5580000,0x00000000d5580000,0x00000000d5900000)
  from space 1024K, 57% used [0x00000000d5a00000,0x00000000d5a94010,0x00000000d5b00000)
  to   space 1024K, 0% used [0x00000000d5900000,0x00000000d5900000,0x00000000d5a00000)
 ParOldGen       total 387072K, used 386632K [0x0000000080000000, 0x0000000097a00000, 0x00000000d5580000)
  object space 387072K, 99% used [0x0000000080000000,0x0000000097992100,0x0000000097a00000)
 Metaspace       used 73765K, committed 75392K, reserved 1179648K
  class space    used 7859K, committed 8576K, reserved 1048576K
}
Event: 406896.971 GC heap before
{Heap before GC invocations=952 (full 3):
 PSYoungGen      total 4608K, used 4176K [0x00000000d5580000, 0x00000000d5b00000, 0x0000000100000000)
  eden space 3584K, 100% used [0x00000000d5580000,0x00000000d5900000,0x00000000d5900000)
  from space 1024K, 57% used [0x00000000d5a00000,0x00000000d5a94010,0x00000000d5b00000)
  to   space 1024K, 0% used [0x00000000d5900000,0x00000000d5900000,0x00000000d5a00000)
 ParOldGen       total 387072K, used 386632K [0x0000000080000000, 0x0000000097a00000, 0x00000000d5580000)
  object space 387072K, 99% used [0x0000000080000000,0x0000000097992100,0x0000000097a00000)
 Metaspace       used 73765K, committed 75392K, reserved 1179648K
  class space    used 7859K, committed 8576K, reserved 1048576K
}
Event: 406896.972 GC heap after
{Heap after GC invocations=952 (full 3):
 PSYoungGen      total 4608K, used 997K [0x00000000d5580000, 0x00000000d5e00000, 0x0000000100000000)
  eden space 3584K, 0% used [0x00000000d5580000,0x00000000d5580000,0x00000000d5900000)
  from space 1024K, 97% used [0x00000000d5900000,0x00000000d59f9580,0x00000000d5a00000)
  to   space 2560K, 0% used [0x00000000d5b80000,0x00000000d5b80000,0x00000000d5e00000)
 ParOldGen       total 388096K, used 387818K [0x0000000080000000, 0x0000000097b00000, 0x00000000d5580000)
  object space 388096K, 99% used [0x0000000080000000,0x0000000097aba978,0x0000000097b00000)
 Metaspace       used 73765K, committed 75392K, reserved 1179648K
  class space    used 7859K, committed 8576K, reserved 1048576K
}
Event: 406897.026 GC heap before
{Heap before GC invocations=953 (full 3):
 PSYoungGen      total 4608K, used 4563K [0x00000000d5580000, 0x00000000d5e00000, 0x0000000100000000)
  eden space 3584K, 99% used [0x00000000d5580000,0x00000000d58fba50,0x00000000d5900000)
  from space 1024K, 97% used [0x00000000d5900000,0x00000000d59f9580,0x00000000d5a00000)
  to   space 2560K, 0% used [0x00000000d5b80000,0x00000000d5b80000,0x00000000d5e00000)
 ParOldGen       total 388096K, used 387818K [0x0000000080000000, 0x0000000097b00000, 0x00000000d5580000)
  object space 388096K, 99% used [0x0000000080000000,0x0000000097aba978,0x0000000097b00000)
 Metaspace       used 73765K, committed 75392K, reserved 1179648K
  class space    used 7859K, committed 8576K, reserved 1048576K
}
Event: 406897.027 GC heap after
{Heap after GC invocations=953 (full 3):
 PSYoungGen      total 5632K, used 1937K [0x00000000d5580000, 0x00000000d5d80000, 0x0000000100000000)
  eden space 3584K, 0% used [0x00000000d5580000,0x00000000d5580000,0x00000000d5900000)
  from space 2048K, 94% used [0x00000000d5b80000,0x00000000d5d64518,0x00000000d5d80000)
  to   space 2048K, 0% used [0x00000000d5980000,0x00000000d5980000,0x00000000d5b80000)
 ParOldGen       total 388096K, used 387962K [0x0000000080000000, 0x0000000097b00000, 0x00000000d5580000)
  object space 388096K, 99% used [0x0000000080000000,0x0000000097ade978,0x0000000097b00000)
 Metaspace       used 73765K, committed 75392K, reserved 1179648K
  class space    used 7859K, committed 8576K, reserved 1048576K
}
Event: 406897.093 GC heap before
{Heap before GC invocations=954 (full 3):
 PSYoungGen      total 5632K, used 5521K [0x00000000d5580000, 0x00000000d5d80000, 0x0000000100000000)
  eden space 3584K, 100% used [0x00000000d5580000,0x00000000d5900000,0x00000000d5900000)
  from space 2048K, 94% used [0x00000000d5b80000,0x00000000d5d64518,0x00000000d5d80000)
  to   space 2048K, 0% used [0x00000000d5980000,0x00000000d5980000,0x00000000d5b80000)
 ParOldGen       total 388096K, used 387962K [0x0000000080000000, 0x0000000097b00000, 0x00000000d5580000)
  object space 388096K, 99% used [0x0000000080000000,0x0000000097ade978,0x0000000097b00000)
 Metaspace       used 73768K, committed 75392K, reserved 1179648K
  class space    used 7859K, committed 8576K, reserved 1048576K
}
Event: 406897.096 GC heap after
{Heap after GC invocations=954 (full 3):
 PSYoungGen      total 5120K, used 1512K [0x00000000d5580000, 0x00000000d5d00000, 0x0000000100000000)
  eden space 3584K, 0% used [0x00000000d5580000,0x00000000d5580000,0x00000000d5900000)
  from space 1536K, 98% used [0x00000000d5980000,0x00000000d5afa1d8,0x00000000d5b00000)
  to   space 2048K, 0% used [0x00000000d5b00000,0x00000000d5b00000,0x00000000d5d00000)
 ParOldGen       total 389120K, used 389025K [0x0000000080000000, 0x0000000097c00000, 0x00000000d5580000)
  object space 389120K, 99% used [0x0000000080000000,0x0000000097be8420,0x0000000097c00000)
 Metaspace       used 73768K, committed 75392K, reserved 1179648K
  class space    used 7859K, committed 8576K, reserved 1048576K
}
Event: 406897.169 GC heap before
{Heap before GC invocations=955 (full 3):
 PSYoungGen      total 5120K, used 5096K [0x00000000d5580000, 0x00000000d5d00000, 0x0000000100000000)
  eden space 3584K, 100% used [0x00000000d5580000,0x00000000d5900000,0x00000000d5900000)
  from space 1536K, 98% used [0x00000000d5980000,0x00000000d5afa1d8,0x00000000d5b00000)
  to   space 2048K, 0% used [0x00000000d5b00000,0x00000000d5b00000,0x00000000d5d00000)
 ParOldGen       total 389120K, used 389025K [0x0000000080000000, 0x0000000097c00000, 0x00000000d5580000)
  object space 389120K, 99% used [0x0000000080000000,0x0000000097be8420,0x0000000097c00000)
 Metaspace       used 73768K, committed 75392K, reserved 1179648K
  class space    used 7859K, committed 8576K, reserved 1048576K
}
Event: 406897.170 GC heap after
{Heap after GC invocations=955 (full 3):
 PSYoungGen      total 5120K, used 1492K [0x00000000d5580000, 0x00000000d5c80000, 0x0000000100000000)
  eden space 3584K, 0% used [0x00000000d5580000,0x00000000d5580000,0x00000000d5900000)
  from space 1536K, 97% used [0x00000000d5b00000,0x00000000d5c75018,0x00000000d5c80000)
  to   space 1536K, 0% used [0x00000000d5980000,0x00000000d5980000,0x00000000d5b00000)
 ParOldGen       total 390656K, used 390241K [0x0000000080000000, 0x0000000097d80000, 0x00000000d5580000)
  object space 390656K, 99% used [0x0000000080000000,0x0000000097d18510,0x0000000097d80000)
 Metaspace       used 73768K, committed 75392K, reserved 1179648K
  class space    used 7859K, committed 8576K, reserved 1048576K
}
Event: 406897.240 GC heap before
{Heap before GC invocations=956 (full 3):
 PSYoungGen      total 5120K, used 5076K [0x00000000d5580000, 0x00000000d5c80000, 0x0000000100000000)
  eden space 3584K, 100% used [0x00000000d5580000,0x00000000d5900000,0x00000000d5900000)
  from space 1536K, 97% used [0x00000000d5b00000,0x00000000d5c75018,0x00000000d5c80000)
  to   space 1536K, 0% used [0x00000000d5980000,0x00000000d5980000,0x00000000d5b00000)
 ParOldGen       total 390656K, used 390241K [0x0000000080000000, 0x0000000097d80000, 0x00000000d5580000)
  object space 390656K, 99% used [0x0000000080000000,0x0000000097d18510,0x0000000097d80000)
 Metaspace       used 73774K, committed 75392K, reserved 1179648K
  class space    used 7859K, committed 8576K, reserved 1048576K
}
Event: 406897.242 GC heap after
{Heap after GC invocations=956 (full 3):
 PSYoungGen      total 5120K, used 1040K [0x00000000d5580000, 0x00000000d5c00000, 0x0000000100000000)
  eden space 3584K, 0% used [0x00000000d5580000,0x00000000d5580000,0x00000000d5900000)
  from space 1536K, 67% used [0x00000000d5980000,0x00000000d5a84010,0x00000000d5b00000)
  to   space 1024K, 0% used [0x00000000d5b00000,0x00000000d5b00000,0x00000000d5c00000)
 ParOldGen       total 391680K, used 391606K [0x0000000080000000, 0x0000000097e80000, 0x00000000d5580000)
  object space 391680K, 99% used [0x0000000080000000,0x0000000097e6d850,0x0000000097e80000)
 Metaspace       used 73774K, committed 75392K, reserved 1179648K
  class space    used 7859K, committed 8576K, reserved 1048576K
}
Event: 406897.263 GC heap before
{Heap before GC invocations=957 (full 3):
 PSYoungGen      total 5120K, used 4362K [0x00000000d5580000, 0x00000000d5c00000, 0x0000000100000000)
  eden space 3584K, 92% used [0x00000000d5580000,0x00000000d58beb48,0x00000000d5900000)
  from space 1536K, 67% used [0x00000000d5980000,0x00000000d5a84010,0x00000000d5b00000)
  to   space 1024K, 0% used [0x00000000d5b00000,0x00000000d5b00000,0x00000000d5c00000)
 ParOldGen       total 391680K, used 391606K [0x0000000080000000, 0x0000000097e80000, 0x00000000d5580000)
  object space 391680K, 99% used [0x0000000080000000,0x0000000097e6d850,0x0000000097e80000)
 Metaspace       used 73774K, committed 75392K, reserved 1179648K
  class space    used 7859K, committed 8576K, reserved 1048576K
}
Event: 406897.264 GC heap after
{Heap after GC invocations=957 (full 3):
 PSYoungGen      total 4096K, used 256K [0x00000000d5580000, 0x00000000d5b80000, 0x0000000100000000)
  eden space 3584K, 0% used [0x00000000d5580000,0x00000000d5580000,0x00000000d5900000)
  from space 512K, 50% used [0x00000000d5b00000,0x00000000d5b40020,0x00000000d5b80000)
  to   space 1024K, 0% used [0x00000000d5980000,0x00000000d5980000,0x00000000d5a80000)
 ParOldGen       total 392704K, used 392549K [0x0000000080000000, 0x0000000097f80000, 0x00000000d5580000)
  object space 392704K, 99% used [0x0000000080000000,0x0000000097f59778,0x0000000097f80000)
 Metaspace       used 73774K, committed 75392K, reserved 1179648K
  class space    used 7859K, committed 8576K, reserved 1048576K
}
Event: 406897.276 GC heap before
{Heap before GC invocations=958 (full 3):
 PSYoungGen      total 4096K, used 3820K [0x00000000d5580000, 0x00000000d5b80000, 0x0000000100000000)
  eden space 3584K, 99% used [0x00000000d5580000,0x00000000d58fb180,0x00000000d5900000)
  from space 512K, 50% used [0x00000000d5b00000,0x00000000d5b40020,0x00000000d5b80000)
  to   space 1024K, 0% used [0x00000000d5980000,0x00000000d5980000,0x00000000d5a80000)
 ParOldGen       total 392704K, used 392549K [0x0000000080000000, 0x0000000097f80000, 0x00000000d5580000)
  object space 392704K, 99% used [0x0000000080000000,0x0000000097f59778,0x0000000097f80000)
 Metaspace       used 73774K, committed 75392K, reserved 1179648K
  class space    used 7859K, committed 8576K, reserved 1048576K
}
Event: 406897.276 GC heap after
{Heap after GC invocations=958 (full 3):
 PSYoungGen      total 4608K, used 224K [0x00000000d5580000, 0x00000000d5b80000, 0x0000000100000000)
  eden space 3584K, 0% used [0x00000000d5580000,0x00000000d5580000,0x00000000d5900000)
  from space 1024K, 21% used [0x00000000d5980000,0x00000000d59b8000,0x00000000d5a80000)
  to   space 512K, 0% used [0x00000000d5b00000,0x00000000d5b00000,0x00000000d5b80000)
 ParOldGen       total 392704K, used 392669K [0x0000000080000000, 0x0000000097f80000, 0x00000000d5580000)
  object space 392704K, 99% used [0x0000000080000000,0x0000000097f77798,0x0000000097f80000)
 Metaspace       used 73774K, committed 75392K, reserved 1179648K
  class space    used 7859K, committed 8576K, reserved 1048576K
}
Event: 407173.456 GC heap before
{Heap before GC invocations=959 (full 3):
 PSYoungGen      total 4608K, used 3807K [0x00000000d5580000, 0x00000000d5b80000, 0x0000000100000000)
  eden space 3584K, 99% used [0x00000000d5580000,0x00000000d58ffff8,0x00000000d5900000)
  from space 1024K, 21% used [0x00000000d5980000,0x00000000d59b8000,0x00000000d5a80000)
  to   space 512K, 0% used [0x00000000d5b00000,0x00000000d5b00000,0x00000000d5b80000)
 ParOldGen       total 392704K, used 392669K [0x0000000080000000, 0x0000000097f80000, 0x00000000d5580000)
  object space 392704K, 99% used [0x0000000080000000,0x0000000097f77798,0x0000000097f80000)
 Metaspace       used 73780K, committed 75392K, reserved 1179648K
  class space    used 7859K, committed 8576K, reserved 1048576K
}
Event: 407173.459 GC heap after
{Heap after GC invocations=959 (full 3):
 PSYoungGen      total 4096K, used 320K [0x00000000d5580000, 0x00000000d5b80000, 0x0000000100000000)
  eden space 3584K, 0% used [0x00000000d5580000,0x00000000d5580000,0x00000000d5900000)
  from space 512K, 62% used [0x00000000d5b00000,0x00000000d5b50020,0x00000000d5b80000)
  to   space 512K, 0% used [0x00000000d5a80000,0x00000000d5a80000,0x00000000d5b00000)
 ParOldGen       total 393216K, used 392725K [0x0000000080000000, 0x0000000098000000, 0x00000000d5580000)
  object space 393216K, 99% used [0x0000000080000000,0x0000000097f85798,0x0000000098000000)
 Metaspace       used 73780K, committed 75392K, reserved 1179648K
  class space    used 7859K, committed 8576K, reserved 1048576K
}

